/usr/bin/env: 'python3.7': No such file or directory
/usr/bin/env: 'python3.7': No such file or directory
/usr/bin/env: 'python3.7': No such file or directory
/usr/bin/env: 'python3.7': No such file or directory
/usr/bin/env: 'python3.7': No such file or directory
/usr/bin/env: 'python3.7': No such file or directory
/usr/bin/env: 'python3.7': No such file or directory
Traceback (most recent call last):
  File "/opt/domoticz/userdata/scripts/python/mqtt.py", line 4, in <module>
    import paho.mqtt.client as mqtt
ModuleNotFoundError: No module named 'paho'
Traceback (most recent call last):
  File "/opt/domoticz/userdata/scripts/python/mqtt.py", line 4, in <module>
    import paho.mqtt.client as mqtt
ModuleNotFoundError: No module named 'paho'
/usr/bin/env: 'python3.10': No such file or directory
/usr/bin/env: 'python3.10': No such file or directory
/usr/bin/env: 'python3.10': No such file or directory
/usr/bin/env: 'python3.10': No such file or directory
/usr/bin/env: 'python3.10': No such file or directory
/usr/bin/env: 'python3.10': No such file or directory
/usr/bin/env: 'python3.10': No such file or directory
Message Published...
home/OpenMQTTGateway/commands/MQTTtoSRFB
b'{"value": "10458330"}'
Message Published...
home/OpenMQTTGateway/commands/MQTTtoSRFB
b'{"value": "10458322"}'
/usr/bin/env: 'python3.10': No such file or directory
sh: 1: /opt/domoticz/userdata/scripts/python: Permission denied
/usr/bin/env: 'python3.10': No such file or directory
Traceback (most recent call last):
  File "/opt/domoticz/userdata/scripts/python/mqtt.py", line 4, in <module>
    import paho.mqtt.client as mqtt
ModuleNotFoundError: No module named 'paho'
Traceback (most recent call last):
  File "/opt/domoticz/userdata/scripts/python/mqtt.py", line 4, in <module>
    import paho.mqtt.client as mqtt
ModuleNotFoundError: No module named 'paho'
Traceback (most recent call last):
  File "/opt/domoticz/userdata/scripts/python/mqtt.py", line 4, in <module>
    import paho.mqtt.client as mqtt
ModuleNotFoundError: No module named 'paho'
